Flow report for ece385_finalproject
Sun Jan 02 18:32:30 2022
Quartus Prime Version 18.1.0 Build 625 09/12/2018 SJ Lite Edition


---------------------
; Table of Contents ;
---------------------
  1. Legal Notice
  2. Flow Summary
  3. Flow Settings
  4. Flow Non-Default Global Settings
  5. Flow Elapsed Time
  6. Flow OS Summary
  7. Flow Log
  8. Flow Messages
  9. Flow Suppressed Messages



----------------
; Legal Notice ;
----------------
Copyright (C) 2018  Intel Corporation. All rights reserved.
Your use of Intel Corporation's design tools, logic functions 
and other software and tools, and its AMPP partner logic 
functions, and any output files from any of the foregoing 
(including device programming or simulation files), and any 
associated documentation or information are expressly subject 
to the terms and conditions of the Intel Program License 
Subscription Agreement, the Intel Quartus Prime License Agreement,
the Intel FPGA IP License Agreement, or other applicable license
agreement, including, without limitation, that your use is for
the sole purpose of programming logic devices manufactured by
Intel and sold by Intel or its authorized distributors.  Please
refer to the applicable agreement for further details.



+----------------------------------------------------------------------------------+
; Flow Summary                                                                     ;
+------------------------------------+---------------------------------------------+
; Flow Status                        ; Successful - Sun Jan 02 18:32:30 2022       ;
; Quartus Prime Version              ; 18.1.0 Build 625 09/12/2018 SJ Lite Edition ;
; Revision Name                      ; ece385_finalproject                         ;
; Top-level Entity Name              ; ece385_finalproject                         ;
; Family                             ; Cyclone IV E                                ;
; Device                             ; EP4CE115F29C7                               ;
; Timing Models                      ; Final                                       ;
; Total logic elements               ; 15,088 / 114,480 ( 13 % )                   ;
;     Total combinational functions  ; 14,242 / 114,480 ( 12 % )                   ;
;     Dedicated logic registers      ; 2,745 / 114,480 ( 2 % )                     ;
; Total registers                    ; 2864                                        ;
; Total pins                         ; 136 / 529 ( 26 % )                          ;
; Total virtual pins                 ; 0                                           ;
; Total memory bits                  ; 1,356,432 / 3,981,312 ( 34 % )              ;
; Embedded Multiplier 9-bit elements ; 0 / 532 ( 0 % )                             ;
; Total PLLs                         ; 2 / 4 ( 50 % )                              ;
+------------------------------------+---------------------------------------------+


+-----------------------------------------+
; Flow Settings                           ;
+-------------------+---------------------+
; Option            ; Setting             ;
+-------------------+---------------------+
; Start date & time ; 01/02/2022 18:27:35 ;
; Main task         ; Compilation         ;
; Revision Name     ; ece385_finalproject ;
+-------------------+---------------------+


+----------------------------------------------------------------------------------------------------------------------------------------------------------------------------+
; Flow Non-Default Global Settings                                                                                                                                           ;
+-------------------------------------+---------------------------------------------------------------------------+---------------+-------------------------+----------------+
; Assignment Name                     ; Value                                                                     ; Default Value ; Entity Name             ; Section Id     ;
+-------------------------------------+---------------------------------------------------------------------------+---------------+-------------------------+----------------+
; COMPILER_SIGNATURE_ID               ; 141734666576898.164111925501764                                           ; --            ; --                      ; --             ;
; EDA_OUTPUT_DATA_FORMAT              ; Systemverilog Hdl                                                         ; --            ; --                      ; eda_simulation ;
; EDA_SIMULATION_TOOL                 ; ModelSim-Altera (SystemVerilog)                                           ; <None>        ; --                      ; --             ;
; EDA_TIME_SCALE                      ; 1 ps                                                                      ; --            ; --                      ; eda_simulation ;
; MAX_CORE_JUNCTION_TEMP              ; 85                                                                        ; --            ; --                      ; --             ;
; MIN_CORE_JUNCTION_TEMP              ; 0                                                                         ; --            ; --                      ; --             ;
; MISC_FILE                           ; ece385_finalproject_soc/synthesis/../ece385_finalproject_soc.cmp          ; --            ; --                      ; --             ;
; MISC_FILE                           ; ece385_finalproject_soc/synthesis/../../ece385_finalproject_soc.qsys      ; --            ; --                      ; --             ;
; MISC_FILE                           ; vga_clk.ppf                                                               ; --            ; --                      ; --             ;
; NOMINAL_CORE_SUPPLY_VOLTAGE         ; 1.2V                                                                      ; --            ; --                      ; --             ;
; PARTITION_COLOR                     ; -- (Not supported for targeted family)                                    ; --            ; DE2_115_Default         ; Top            ;
; PARTITION_COLOR                     ; -- (Not supported for targeted family)                                    ; --            ; --                      ; Top            ;
; PARTITION_COLOR                     ; -- (Not supported for targeted family)                                    ; --            ; lab8                    ; Top            ;
; PARTITION_FITTER_PRESERVATION_LEVEL ; -- (Not supported for targeted family)                                    ; --            ; DE2_115_Default         ; Top            ;
; PARTITION_FITTER_PRESERVATION_LEVEL ; -- (Not supported for targeted family)                                    ; --            ; --                      ; Top            ;
; PARTITION_FITTER_PRESERVATION_LEVEL ; -- (Not supported for targeted family)                                    ; --            ; lab8                    ; Top            ;
; PARTITION_NETLIST_TYPE              ; -- (Not supported for targeted family)                                    ; --            ; DE2_115_Default         ; Top            ;
; PARTITION_NETLIST_TYPE              ; -- (Not supported for targeted family)                                    ; --            ; --                      ; Top            ;
; PARTITION_NETLIST_TYPE              ; -- (Not supported for targeted family)                                    ; --            ; lab8                    ; Top            ;
; POWER_BOARD_THERMAL_MODEL           ; None (CONSERVATIVE)                                                       ; --            ; --                      ; --             ;
; POWER_PRESET_COOLING_SOLUTION       ; 23 MM HEAT SINK WITH 200 LFPM AIRFLOW                                     ; --            ; --                      ; --             ;
; PROJECT_OUTPUT_DIRECTORY            ; output_files                                                              ; --            ; --                      ; --             ;
; SLD_FILE                            ; ece385_finalproject_soc/synthesis/ece385_finalproject_soc.regmap          ; --            ; --                      ; --             ;
; SLD_FILE                            ; ece385_finalproject_soc/synthesis/ece385_finalproject_soc.debuginfo       ; --            ; --                      ; --             ;
; SLD_INFO                            ; QSYS_NAME ece385_finalproject_soc HAS_SOPCINFO 1 GENERATION_ID 1639489950 ; --            ; ece385_finalproject_soc ; --             ;
; SOPCINFO_FILE                       ; ece385_finalproject_soc/synthesis/../../ece385_finalproject_soc.sopcinfo  ; --            ; --                      ; --             ;
; SYNTHESIS_ONLY_QIP                  ; On                                                                        ; --            ; --                      ; --             ;
+-------------------------------------+---------------------------------------------------------------------------+---------------+-------------------------+----------------+


+--------------------------------------------------------------------------------------------------------------------------+
; Flow Elapsed Time                                                                                                        ;
+----------------------+--------------+-------------------------+---------------------+------------------------------------+
; Module Name          ; Elapsed Time ; Average Processors Used ; Peak Virtual Memory ; Total CPU Time (on all processors) ;
+----------------------+--------------+-------------------------+---------------------+------------------------------------+
; Analysis & Synthesis ; 00:03:39     ; 1.0                     ; 5046 MB             ; 00:04:00                           ;
; Fitter               ; 00:00:43     ; 1.1                     ; 6129 MB             ; 00:01:18                           ;
; Assembler            ; 00:00:05     ; 1.0                     ; 4736 MB             ; 00:00:04                           ;
; Timing Analyzer      ; 00:00:05     ; 1.3                     ; 4986 MB             ; 00:00:06                           ;
; EDA Netlist Writer   ; 00:00:12     ; 1.0                     ; 4800 MB             ; 00:00:12                           ;
; Total                ; 00:04:44     ; --                      ; --                  ; 00:05:40                           ;
+----------------------+--------------+-------------------------+---------------------+------------------------------------+


+------------------------------------------------------------------------------------+
; Flow OS Summary                                                                    ;
+----------------------+------------------+------------+------------+----------------+
; Module Name          ; Machine Hostname ; OS Name    ; OS Version ; Processor type ;
+----------------------+------------------+------------+------------+----------------+
; Analysis & Synthesis ; DESKTOP-82A4QK8  ; Windows 10 ; 10.0       ; x86_64         ;
; Fitter               ; DESKTOP-82A4QK8  ; Windows 10 ; 10.0       ; x86_64         ;
; Assembler            ; DESKTOP-82A4QK8  ; Windows 10 ; 10.0       ; x86_64         ;
; Timing Analyzer      ; DESKTOP-82A4QK8  ; Windows 10 ; 10.0       ; x86_64         ;
; EDA Netlist Writer   ; DESKTOP-82A4QK8  ; Windows 10 ; 10.0       ; x86_64         ;
+----------------------+------------------+------------+------------+----------------+


------------
; Flow Log ;
------------
quartus_map --read_settings_files=on --write_settings_files=off ece385_finalproject -c ece385_finalproject
quartus_fit --read_settings_files=off --write_settings_files=off ece385_finalproject -c ece385_finalproject
quartus_asm --read_settings_files=off --write_settings_files=off ece385_finalproject -c ece385_finalproject
quartus_sta ece385_finalproject -c ece385_finalproject
quartus_eda --read_settings_files=off --write_settings_files=off ece385_finalproject -c ece385_finalproject



